<?xml version="1.0" encoding="UTF-8"?>
<!-- Generated by org.testng.reporters.JUnitXMLReporter -->
<testsuite ignored="0" hostname="DESKTOP-OKKFGE3" failures="2" tests="2" name="Test" time="44.532" errors="0" timestamp="2023-03-27T11:54:32 IST">
  <testcase classname="com.demo.testcase.AppDemo" name="verifyFlashScreen" time="0.116">
    <failure type="java.lang.NoSuchMethodError" message="&amp;apos;void org.openqa.selenium.support.PageFactory.initElements(org.openqa.selenium.SearchContext, java.lang.Object)&amp;apos;">
      <![CDATA[java.lang.NoSuchMethodError: 'void org.openqa.selenium.support.PageFactory.initElements(org.openqa.selenium.SearchContext, java.lang.Object)'
at com.demo.pages.IndoKargoHomePage.<init>(IndoKargoHomePage.java:14)
at com.demo.testcase.AppDemo.verifyFlashScreen(AppDemo.java:13)
at java.base/java.util.ArrayList.forEach(ArrayList.java:1511)
... Removed 27 stack frames]]>
    </failure>
  </testcase> <!-- verifyFlashScreen -->
  <testcase classname="com.demo.testcase.AppDemo" name="verifySearchProduct" time="0.004">
    <failure type="java.lang.NoSuchMethodError" message="&amp;apos;void org.openqa.selenium.support.PageFactory.initElements(org.openqa.selenium.SearchContext, java.lang.Object)&amp;apos;">
      <![CDATA[java.lang.NoSuchMethodError: 'void org.openqa.selenium.support.PageFactory.initElements(org.openqa.selenium.SearchContext, java.lang.Object)'
at com.demo.pages.IndoKargoHomePage.<init>(IndoKargoHomePage.java:14)
at com.demo.testcase.AppDemo.verifySearchProduct(AppDemo.java:21)
at java.base/java.util.ArrayList.forEach(ArrayList.java:1511)
... Removed 27 stack frames]]>
    </failure>
  </testcase> <!-- verifySearchProduct -->
</testsuite> <!-- Test -->
